<?xml version="1.0" encoding="UTF-8"?>
<!-- Generated by org.testng.reporters.JUnitReportReporter -->
<testsuite skipped="0" hostname="TVMATP91897L" name="com.tests.AmazonAndroid" tests="1" failures="0" timestamp="2020-04-13T11:56:25 IST" time="391.812" errors="0">
  <testcase name="Amazon_Login_And_Place_Order_TC001" time="391.812" classname="com.tests.AmazonAndroid"/>
  <system-out>
<br>App launched</br><br><a href='D:\workspace\Amazon-MobileTesting\reports\images\182840440.jpg'> <img src='D:\workspace\Amazon-MobileTesting\reports\images\182840440.jpg' height='300' width='200'/> </a><br> <br>Login Page displayed</br><br><a href='D:\workspace\Amazon-MobileTesting\reports\images\427377816.jpg'> <img src='D:\workspace\Amazon-MobileTesting\reports\images\427377816.jpg' height='300' width='200'/> </a><br> <br>Logged in successfully</br><br><a href='D:\workspace\Amazon-MobileTesting\reports\images\85456383.jpg'> <img src='D:\workspace\Amazon-MobileTesting\reports\images\85456383.jpg' height='300' width='200'/> </a><br> <br>Cart items deleted</br><br><a href='D:\workspace\Amazon-MobileTesting\reports\images\418494595.jpg'> <img src='D:\workspace\Amazon-MobileTesting\reports\images\418494595.jpg' height='300' width='200'/> </a><br> <br>Product searched</br><br><a href='D:\workspace\Amazon-MobileTesting\reports\images\544121142.jpg'> <img src='D:\workspace\Amazon-MobileTesting\reports\images\544121142.jpg' height='300' width='200'/> </a><br> <br>Product Name search page :Horlicks Health and Nutrition drink - 500 g Pet Jar (Classic Malt)</br> <br>Product Price search page :₹242</br> <br>Product details page displayed</br><br><a href='D:\workspace\Amazon-MobileTesting\reports\images\226852424.jpg'> <img src='D:\workspace\Amazon-MobileTesting\reports\images\226852424.jpg' height='300' width='200'/> </a><br> <br>Product name PDP page : Horlicks Health and Nutrition drink - 500 g Pet Jar (Classic Malt)</br> <br>Product price PDP page : ₹242</br> <br>Product quantity PDP page : 1</br> <br>Shopping cart page displayed</br><br><a href='D:\workspace\Amazon-MobileTesting\reports\images\551384218.jpg'> <img src='D:\workspace\Amazon-MobileTesting\reports\images\551384218.jpg' height='300' width='200'/> </a><br> <br>Product name shopping cart : Horlicks Health and Nutrition drink - 500 g Pet Jar (Classic Mal...</br> <br>Product price shopping cart : ₹242</br> <br>Product quantity shopping cart : 1</br> <br>Checkout page displayed</br><br><a href='D:\workspace\Amazon-MobileTesting\reports\images\599657204.jpg'> <img src='D:\workspace\Amazon-MobileTesting\reports\images\599657204.jpg' height='300' width='200'/> </a><br> <br>Product name checkout page : Horlicks Health and Nutrition drink - 500 g Pet Jar (Classic Malt)</br> <br>Product price checkout page : ₹242</br> <br>Product quantity checkout page : 1</br>  </system-out>
</testsuite> <!-- com.tests.AmazonAndroid -->
