<?xml version="1.0" encoding="UTF-8"?>
<!-- Generated by org.testng.reporters.JUnitReportReporter -->
<testsuite skipped="0" hostname="TVMATP91897L" name="testcases.AmazonAndroid" tests="1" failures="0" timestamp="2020-04-13T17:00:50 IST" time="432.691" errors="0">
  <testcase name="Amazon_Login_And_Place_Order_TC001" time="432.691" classname="testcases.AmazonAndroid"/>
  <system-out>
<br>App launched</br><br><a href='D:\workspace\Amazon-MobileTesting\reports\images\872959614.jpg'> <img src='D:\workspace\Amazon-MobileTesting\reports\images\872959614.jpg' height='300' width='200'/> </a><br> <br>Login Page displayed</br><br><a href='D:\workspace\Amazon-MobileTesting\reports\images\80124346.jpg'> <img src='D:\workspace\Amazon-MobileTesting\reports\images\80124346.jpg' height='300' width='200'/> </a><br> <br>Logged in successfully</br><br><a href='D:\workspace\Amazon-MobileTesting\reports\images\719654931.jpg'> <img src='D:\workspace\Amazon-MobileTesting\reports\images\719654931.jpg' height='300' width='200'/> </a><br> <br>Cart items deleted</br><br><a href='D:\workspace\Amazon-MobileTesting\reports\images\433344686.jpg'> <img src='D:\workspace\Amazon-MobileTesting\reports\images\433344686.jpg' height='300' width='200'/> </a><br> <br>Product searched</br><br><a href='D:\workspace\Amazon-MobileTesting\reports\images\234233035.jpg'> <img src='D:\workspace\Amazon-MobileTesting\reports\images\234233035.jpg' height='300' width='200'/> </a><br> <br>Product Name search page :Women's Horlicks Health and Nutrition drink - 400g Pet Jar (Chocolate flavor)</br> <br>Product Price search page :₹295</br> <br>Product details page displayed</br><br><a href='D:\workspace\Amazon-MobileTesting\reports\images\103059010.jpg'> <img src='D:\workspace\Amazon-MobileTesting\reports\images\103059010.jpg' height='300' width='200'/> </a><br> <br>Product name PDP page : Women's Horlicks Health and Nutrition drink - 400g Pet Jar (Chocolate flavor)</br> <br>Product price PDP page : ₹295</br> <br>Product quantity PDP page : 1</br> <br>Shopping cart page displayed</br><br><a href='D:\workspace\Amazon-MobileTesting\reports\images\727434405.jpg'> <img src='D:\workspace\Amazon-MobileTesting\reports\images\727434405.jpg' height='300' width='200'/> </a><br> <br>Product name shopping cart : Women's Horlicks Health and Nutrition drink - 400g Pet Jar (Choc...</br> <br>Product price shopping cart : ₹295</br> <br>Product quantity shopping cart : 1</br> <br>Checkout page displayed</br><br><a href='D:\workspace\Amazon-MobileTesting\reports\images\48620138.jpg'> <img src='D:\workspace\Amazon-MobileTesting\reports\images\48620138.jpg' height='300' width='200'/> </a><br> <br>Product name checkout page : Women's Horlicks Health and Nutrition drink - 400g Pet Jar (Chocolate flavor)</br> <br>Product price checkout page : ₹295</br> <br>Product quantity checkout page : 1</br>  </system-out>
</testsuite> <!-- testcases.AmazonAndroid -->
