<?xml version="1.0" encoding="UTF-8"?>
<!-- Generated by org.testng.reporters.JUnitReportReporter -->
<testsuite skipped="0" hostname="TVMATP91897L" name="com.tests.AmazonAndroid" tests="1" failures="0" timestamp="2020-04-13T15:35:57 IST" time="419.957" errors="0">
  <testcase name="Amazon_Login_And_Place_Order_TC001" time="419.957" classname="com.tests.AmazonAndroid"/>
  <system-out>
<br>App launched</br><br><a href='D:\workspace\Amazon-MobileTesting\reports\images\811745775.jpg'> <img src='D:\workspace\Amazon-MobileTesting\reports\images\811745775.jpg' height='300' width='200'/> </a><br> <br>Login Page displayed</br><br><a href='D:\workspace\Amazon-MobileTesting\reports\images\343397223.jpg'> <img src='D:\workspace\Amazon-MobileTesting\reports\images\343397223.jpg' height='300' width='200'/> </a><br> <br>Logged in successfully</br><br><a href='D:\workspace\Amazon-MobileTesting\reports\images\599129543.jpg'> <img src='D:\workspace\Amazon-MobileTesting\reports\images\599129543.jpg' height='300' width='200'/> </a><br> <br>Cart items deleted</br><br><a href='D:\workspace\Amazon-MobileTesting\reports\images\133672983.jpg'> <img src='D:\workspace\Amazon-MobileTesting\reports\images\133672983.jpg' height='300' width='200'/> </a><br> <br>Product searched</br><br><a href='D:\workspace\Amazon-MobileTesting\reports\images\107625970.jpg'> <img src='D:\workspace\Amazon-MobileTesting\reports\images\107625970.jpg' height='300' width='200'/> </a><br> <br>Product Name search page :Horlicks Lite - Health and Nutrition drink (Regular Malt) 450gm Pet Jar</br> <br>Product Price search page :₹268</br> <br>Product details page displayed</br><br><a href='D:\workspace\Amazon-MobileTesting\reports\images\427821306.jpg'> <img src='D:\workspace\Amazon-MobileTesting\reports\images\427821306.jpg' height='300' width='200'/> </a><br> <br>Product name PDP page : Horlicks Lite - Health and Nutrition drink (Regular Malt) 450gm Pet Jar</br> <br>Product price PDP page : ₹268</br> <br>Product quantity PDP page : 1</br> <br>Shopping cart page displayed</br><br><a href='D:\workspace\Amazon-MobileTesting\reports\images\324155453.jpg'> <img src='D:\workspace\Amazon-MobileTesting\reports\images\324155453.jpg' height='300' width='200'/> </a><br> <br>Product name shopping cart : Horlicks Lite - Health and Nutrition drink (Regular Malt) 450gm ...</br> <br>Product price shopping cart : ₹268</br> <br>Product quantity shopping cart : 1</br> <br>Checkout page displayed</br><br><a href='D:\workspace\Amazon-MobileTesting\reports\images\735041406.jpg'> <img src='D:\workspace\Amazon-MobileTesting\reports\images\735041406.jpg' height='300' width='200'/> </a><br> <br>Product name checkout page : Horlicks Lite - Health and Nutrition drink (Regular Malt) 450gm Pet Jar</br> <br>Product price checkout page : ₹268</br> <br>Product quantity checkout page : 1</br>  </system-out>
</testsuite> <!-- com.tests.AmazonAndroid -->
